

times in msec
 clock   self+sourced   self:  sourced script
 clock   elapsed:              other lines

000.011  000.011: --- NVIM STARTING ---
000.482  000.471: locale set
000.905  000.423: inits 1
000.925  000.020: window checked
000.929  000.005: parsing arguments
000.982  000.053: expanding arguments
001.045  000.063: inits 2
001.376  000.330: init highlight
001.383  000.007: waiting for UI
002.582  001.199: done waiting for UI
002.608  000.026: initialized screen early for UI
023.392  018.117  018.117: sourcing /home/bloatoo/.config/nvim/init.lua
023.408  002.682: sourcing vimrc file(s)
027.504  000.020  000.020: sourcing /home/bloatoo/.local/share/nvim/site/pack/packer/start/nvim-treesitter/ftdetect/gdscript.vim
027.525  000.006  000.006: sourcing /home/bloatoo/.local/share/nvim/site/pack/packer/start/nvim-treesitter/ftdetect/gomod.vim
027.552  000.019  000.019: sourcing /home/bloatoo/.local/share/nvim/site/pack/packer/start/nvim-treesitter/ftdetect/query.vim
027.797  004.359  004.314: sourcing /usr/local/share/nvim/runtime/filetype.vim
027.935  000.022  000.022: sourcing /usr/local/share/nvim/runtime/ftplugin.vim
028.062  000.017  000.017: sourcing /usr/local/share/nvim/runtime/indent.vim
028.382  000.122  000.122: sourcing /usr/local/share/nvim/runtime/syntax/syncolor.vim
028.536  000.305  000.184: sourcing /usr/local/share/nvim/runtime/syntax/synload.vim
028.599  000.400  000.095: sourcing /usr/local/share/nvim/runtime/syntax/syntax.vim
029.406  000.424  000.424: sourcing /usr/local/share/nvim/runtime/plugin/gzip.vim
029.450  000.010  000.010: sourcing /usr/local/share/nvim/runtime/plugin/health.vim
029.791  000.333  000.333: sourcing /usr/local/share/nvim/runtime/plugin/man.vim
030.175  000.140  000.140: sourcing /usr/local/share/nvim/runtime/pack/dist/opt/matchit/plugin/matchit.vim
030.226  000.386  000.246: sourcing /usr/local/share/nvim/runtime/plugin/matchit.vim
030.330  000.095  000.095: sourcing /usr/local/share/nvim/runtime/plugin/matchparen.vim
030.696  000.357  000.357: sourcing /usr/local/share/nvim/runtime/plugin/netrwPlugin.vim
030.814  000.007  000.007: sourcing /home/bloatoo/.local/share/nvim/rplugin.vim
030.818  000.105  000.098: sourcing /usr/local/share/nvim/runtime/plugin/rplugin.vim
030.895  000.064  000.064: sourcing /usr/local/share/nvim/runtime/plugin/shada.vim
030.924  000.013  000.013: sourcing /usr/local/share/nvim/runtime/plugin/spellfile.vim
031.030  000.094  000.094: sourcing /usr/local/share/nvim/runtime/plugin/tarPlugin.vim
031.109  000.063  000.063: sourcing /usr/local/share/nvim/runtime/plugin/tohtml.vim
031.132  000.010  000.010: sourcing /usr/local/share/nvim/runtime/plugin/tutor.vim
031.263  000.119  000.119: sourcing /usr/local/share/nvim/runtime/plugin/zipPlugin.vim
031.395  001.116: loading plugins
031.632  000.052  000.052: sourcing /home/bloatoo/.local/share/nvim/site/pack/packer/start/coc.nvim/autoload/coc/rpc.vim
032.050  000.372  000.372: sourcing /home/bloatoo/.local/share/nvim/site/pack/packer/start/coc.nvim/autoload/coc/util.vim
032.425  000.166  000.166: sourcing /home/bloatoo/.local/share/nvim/site/pack/packer/start/coc.nvim/autoload/coc/client.vim
036.621  005.137  004.547: sourcing /home/bloatoo/.local/share/nvim/site/pack/packer/start/coc.nvim/plugin/coc.vim
036.852  000.034  000.034: sourcing /home/bloatoo/.local/share/nvim/site/pack/packer/start/nvim-colorizer.lua/plugin/colorizer.vim
037.635  000.713  000.713: sourcing /home/bloatoo/.local/share/nvim/site/pack/packer/start/nvim-treesitter/plugin/nvim-treesitter.vim
037.722  000.008  000.008: sourcing /home/bloatoo/.local/share/nvim/site/pack/packer/start/nvim-treesitter/ftdetect/gdscript.vim
037.830  000.015  000.015: sourcing /home/bloatoo/.local/share/nvim/site/pack/packer/start/nvim-treesitter/ftdetect/gomod.vim
037.864  000.017  000.017: sourcing /home/bloatoo/.local/share/nvim/site/pack/packer/start/nvim-treesitter/ftdetect/query.vim
037.980  000.660: loading packages
038.123  000.143: loading after plugins
038.140  000.017: inits 3
039.865  001.725: reading ShaDa
040.086  000.221: opening buffers
040.106  000.020: BufEnter autocommands
040.131  000.025: editing files in windows
040.245  000.114: VimEnter autocommands
040.247  000.002: UIEnter autocommands
040.249  000.001: before starting main loop
040.850  000.495  000.495: sourcing /home/bloatoo/.local/share/nvim/site/pack/packer/start/coc.nvim/autoload/coc/float.vim
041.230  000.486: first screen update
041.231  000.002: --- NVIM STARTED ---


times in msec
 clock   self+sourced   self:  sourced script
 clock   elapsed:              other lines

000.025  000.025: --- NVIM STARTING ---
000.379  000.354: locale set
000.604  000.225: inits 1
000.616  000.012: window checked
000.619  000.003: parsing arguments
000.659  000.040: expanding arguments
000.693  000.033: inits 2
000.970  000.278: init highlight
000.971  000.001: waiting for UI
001.919  000.948: done waiting for UI
001.941  000.022: initialized screen early for UI
020.615  017.378  017.378: sourcing /home/bloatoo/.config/nvim/init.lua
020.630  001.311: sourcing vimrc file(s)
024.833  000.010  000.010: sourcing /home/bloatoo/.local/share/nvim/site/pack/packer/start/nvim-treesitter/ftdetect/gdscript.vim
024.853  000.007  000.007: sourcing /home/bloatoo/.local/share/nvim/site/pack/packer/start/nvim-treesitter/ftdetect/gomod.vim
024.879  000.018  000.018: sourcing /home/bloatoo/.local/share/nvim/site/pack/packer/start/nvim-treesitter/ftdetect/query.vim
025.100  004.447  004.413: sourcing /usr/local/share/nvim/runtime/filetype.vim
025.234  000.021  000.021: sourcing /usr/local/share/nvim/runtime/ftplugin.vim
025.362  000.017  000.017: sourcing /usr/local/share/nvim/runtime/indent.vim
025.639  000.116  000.116: sourcing /usr/local/share/nvim/runtime/syntax/syncolor.vim
025.788  000.293  000.177: sourcing /usr/local/share/nvim/runtime/syntax/synload.vim
025.851  000.383  000.090: sourcing /usr/local/share/nvim/runtime/syntax/syntax.vim
026.600  000.379  000.379: sourcing /usr/local/share/nvim/runtime/plugin/gzip.vim
026.628  000.008  000.008: sourcing /usr/local/share/nvim/runtime/plugin/health.vim
026.692  000.056  000.056: sourcing /usr/local/share/nvim/runtime/plugin/man.vim
027.062  000.151  000.151: sourcing /usr/local/share/nvim/runtime/pack/dist/opt/matchit/plugin/matchit.vim
027.124  000.408  000.257: sourcing /usr/local/share/nvim/runtime/plugin/matchit.vim
027.231  000.098  000.098: sourcing /usr/local/share/nvim/runtime/plugin/matchparen.vim
027.857  000.599  000.599: sourcing /usr/local/share/nvim/runtime/plugin/netrwPlugin.vim
028.068  000.009  000.009: sourcing /home/bloatoo/.local/share/nvim/rplugin.vim
028.073  000.193  000.184: sourcing /usr/local/share/nvim/runtime/plugin/rplugin.vim
028.152  000.066  000.066: sourcing /usr/local/share/nvim/runtime/plugin/shada.vim
028.185  000.014  000.014: sourcing /usr/local/share/nvim/runtime/plugin/spellfile.vim
028.560  000.358  000.358: sourcing /usr/local/share/nvim/runtime/plugin/tarPlugin.vim
028.681  000.073  000.073: sourcing /usr/local/share/nvim/runtime/plugin/tohtml.vim
028.708  000.012  000.012: sourcing /usr/local/share/nvim/runtime/plugin/tutor.vim
029.018  000.298  000.298: sourcing /usr/local/share/nvim/runtime/plugin/zipPlugin.vim
029.164  001.104: loading plugins
029.429  000.053  000.053: sourcing /home/bloatoo/.local/share/nvim/site/pack/packer/start/coc.nvim/autoload/coc/rpc.vim
029.809  000.332  000.332: sourcing /home/bloatoo/.local/share/nvim/site/pack/packer/start/coc.nvim/autoload/coc/util.vim
030.087  000.113  000.113: sourcing /home/bloatoo/.local/share/nvim/site/pack/packer/start/coc.nvim/autoload/coc/client.vim
033.364  004.091  003.593: sourcing /home/bloatoo/.local/share/nvim/site/pack/packer/start/coc.nvim/plugin/coc.vim
033.581  000.034  000.034: sourcing /home/bloatoo/.local/share/nvim/site/pack/packer/start/nvim-colorizer.lua/plugin/colorizer.vim
034.515  000.859  000.859: sourcing /home/bloatoo/.local/share/nvim/site/pack/packer/start/nvim-treesitter/plugin/nvim-treesitter.vim
034.669  000.014  000.014: sourcing /home/bloatoo/.local/share/nvim/site/pack/packer/start/nvim-treesitter/ftdetect/gdscript.vim
034.691  000.006  000.006: sourcing /home/bloatoo/.local/share/nvim/site/pack/packer/start/nvim-treesitter/ftdetect/gomod.vim
034.719  000.015  000.015: sourcing /home/bloatoo/.local/share/nvim/site/pack/packer/start/nvim-treesitter/ftdetect/query.vim
034.822  000.639: loading packages
034.935  000.113: loading after plugins
034.951  000.016: inits 3
036.693  001.742: reading ShaDa
036.942  000.248: opening buffers
036.962  000.020: BufEnter autocommands
036.987  000.025: editing files in windows
037.104  000.117: VimEnter autocommands
037.106  000.002: UIEnter autocommands
037.108  000.001: before starting main loop
037.741  000.519  000.519: sourcing /home/bloatoo/.local/share/nvim/site/pack/packer/start/coc.nvim/autoload/coc/float.vim
038.299  000.672: first screen update
038.303  000.005: --- NVIM STARTED ---


times in msec
 clock   self+sourced   self:  sourced script
 clock   elapsed:              other lines

000.011  000.011: --- NVIM STARTING ---
000.506  000.495: locale set
001.049  000.543: inits 1
001.084  000.035: window checked
001.161  000.078: parsing arguments
001.238  000.077: expanding arguments
001.304  000.066: inits 2
002.104  000.800: init highlight
002.107  000.003: waiting for UI
003.685  001.577: done waiting for UI
003.718  000.034: initialized screen early for UI
046.454  039.436  039.436: sourcing /home/bloatoo/.config/nvim/init.lua
046.477  003.322: sourcing vimrc file(s)
051.194  000.010  000.010: sourcing /home/bloatoo/.local/share/nvim/site/pack/packer/start/nvim-treesitter/ftdetect/gdscript.vim
051.216  000.008  000.008: sourcing /home/bloatoo/.local/share/nvim/site/pack/packer/start/nvim-treesitter/ftdetect/gomod.vim
051.238  000.015  000.015: sourcing /home/bloatoo/.local/share/nvim/site/pack/packer/start/nvim-treesitter/ftdetect/query.vim
051.473  004.947  004.915: sourcing /usr/local/share/nvim/runtime/filetype.vim
051.606  000.020  000.020: sourcing /usr/local/share/nvim/runtime/ftplugin.vim
051.731  000.016  000.016: sourcing /usr/local/share/nvim/runtime/indent.vim
052.012  000.115  000.115: sourcing /usr/local/share/nvim/runtime/syntax/syncolor.vim
052.164  000.296  000.181: sourcing /usr/local/share/nvim/runtime/syntax/synload.vim
052.226  000.386  000.090: sourcing /usr/local/share/nvim/runtime/syntax/syntax.vim
052.709  000.136  000.136: sourcing /usr/local/share/nvim/runtime/plugin/gzip.vim
052.725  000.006  000.006: sourcing /usr/local/share/nvim/runtime/plugin/health.vim
052.786  000.053  000.053: sourcing /usr/local/share/nvim/runtime/plugin/man.vim
053.074  000.126  000.126: sourcing /usr/local/share/nvim/runtime/pack/dist/opt/matchit/plugin/matchit.vim
053.124  000.327  000.201: sourcing /usr/local/share/nvim/runtime/plugin/matchit.vim
053.226  000.093  000.093: sourcing /usr/local/share/nvim/runtime/plugin/matchparen.vim
053.492  000.258  000.258: sourcing /usr/local/share/nvim/runtime/plugin/netrwPlugin.vim
053.601  000.007  000.007: sourcing /home/bloatoo/.local/share/nvim/rplugin.vim
053.605  000.096  000.089: sourcing /usr/local/share/nvim/runtime/plugin/rplugin.vim
053.680  000.063  000.063: sourcing /usr/local/share/nvim/runtime/plugin/shada.vim
053.708  000.014  000.014: sourcing /usr/local/share/nvim/runtime/plugin/spellfile.vim
053.814  000.095  000.095: sourcing /usr/local/share/nvim/runtime/plugin/tarPlugin.vim
053.894  000.059  000.059: sourcing /usr/local/share/nvim/runtime/plugin/tohtml.vim
053.916  000.011  000.011: sourcing /usr/local/share/nvim/runtime/plugin/tutor.vim
054.046  000.118  000.118: sourcing /usr/local/share/nvim/runtime/plugin/zipPlugin.vim
054.171  000.997: loading plugins
054.411  000.051  000.051: sourcing /home/bloatoo/.local/share/nvim/site/pack/packer/start/coc.nvim/autoload/coc/rpc.vim
054.761  000.299  000.299: sourcing /home/bloatoo/.local/share/nvim/site/pack/packer/start/coc.nvim/autoload/coc/util.vim
054.993  000.108  000.108: sourcing /home/bloatoo/.local/share/nvim/site/pack/packer/start/coc.nvim/autoload/coc/client.vim
058.602  004.338  003.880: sourcing /home/bloatoo/.local/share/nvim/site/pack/packer/start/coc.nvim/plugin/coc.vim
058.839  000.014  000.014: sourcing /home/bloatoo/.local/share/nvim/site/pack/packer/start/indent-blankline.nvim/autoload/indent_blankline/helper.vim
060.284  001.537  001.524: sourcing /home/bloatoo/.local/share/nvim/site/pack/packer/start/indent-blankline.nvim/plugin/indent_blankline.vim
060.461  000.035  000.035: sourcing /home/bloatoo/.local/share/nvim/site/pack/packer/start/nvim-colorizer.lua/plugin/colorizer.vim
061.335  000.785  000.785: sourcing /home/bloatoo/.local/share/nvim/site/pack/packer/start/nvim-treesitter/plugin/nvim-treesitter.vim
061.479  000.012  000.012: sourcing /home/bloatoo/.local/share/nvim/site/pack/packer/start/nvim-treesitter/ftdetect/gdscript.vim
061.500  000.008  000.008: sourcing /home/bloatoo/.local/share/nvim/site/pack/packer/start/nvim-treesitter/ftdetect/gomod.vim
061.527  000.015  000.015: sourcing /home/bloatoo/.local/share/nvim/site/pack/packer/start/nvim-treesitter/ftdetect/query.vim
061.653  000.751: loading packages
061.764  000.111: loading after plugins
061.780  000.016: inits 3
063.614  001.835: reading ShaDa
068.943  000.437  000.437: sourcing /usr/local/share/nvim/runtime/ftplugin/rust.vim
070.471  000.082  000.082: sourcing /usr/local/share/nvim/runtime/indent/rust.vim
071.468  000.662  000.662: sourcing /usr/local/share/nvim/runtime/syntax/rust.vim
072.127  000.014  000.014: sourcing /home/bloatoo/.local/share/nvim/site/pack/packer/start/indent-blankline.nvim/autoload/indent_blankline.vim
093.126  028.316: opening buffers
093.153  000.028: BufEnter autocommands
093.155  000.002: editing files in windows
093.674  000.519: VimEnter autocommands
093.677  000.003: UIEnter autocommands
093.678  000.001: before starting main loop
094.442  000.656  000.656: sourcing /home/bloatoo/.local/share/nvim/site/pack/packer/start/coc.nvim/autoload/coc/float.vim
124.090  029.756: first screen update
124.096  000.006: --- NVIM STARTED ---


times in msec
 clock   self+sourced   self:  sourced script
 clock   elapsed:              other lines

000.009  000.009: --- NVIM STARTING ---
000.357  000.348: locale set
000.661  000.304: inits 1
000.678  000.016: window checked
000.713  000.036: parsing arguments
000.754  000.041: expanding arguments
000.787  000.033: inits 2
001.068  000.280: init highlight
001.068  000.001: waiting for UI
002.550  001.482: done waiting for UI
002.564  000.014: initialized screen early for UI
026.197  021.725  021.725: sourcing /home/bloatoo/.config/nvim/init.lua
026.212  001.923: sourcing vimrc file(s)
030.185  000.010  000.010: sourcing /home/bloatoo/.local/share/nvim/site/pack/packer/start/nvim-treesitter/ftdetect/gdscript.vim
030.207  000.007  000.007: sourcing /home/bloatoo/.local/share/nvim/site/pack/packer/start/nvim-treesitter/ftdetect/gomod.vim
030.229  000.015  000.015: sourcing /home/bloatoo/.local/share/nvim/site/pack/packer/start/nvim-treesitter/ftdetect/query.vim
030.461  004.226  004.193: sourcing /usr/local/share/nvim/runtime/filetype.vim
030.593  000.020  000.020: sourcing /usr/local/share/nvim/runtime/ftplugin.vim
030.722  000.017  000.017: sourcing /usr/local/share/nvim/runtime/indent.vim
031.000  000.112  000.112: sourcing /usr/local/share/nvim/runtime/syntax/syncolor.vim
031.148  000.290  000.178: sourcing /usr/local/share/nvim/runtime/syntax/synload.vim
031.208  000.378  000.087: sourcing /usr/local/share/nvim/runtime/syntax/syntax.vim
031.689  000.136  000.136: sourcing /usr/local/share/nvim/runtime/plugin/gzip.vim
031.705  000.006  000.006: sourcing /usr/local/share/nvim/runtime/plugin/health.vim
031.762  000.049  000.049: sourcing /usr/local/share/nvim/runtime/plugin/man.vim
032.053  000.124  000.124: sourcing /usr/local/share/nvim/runtime/pack/dist/opt/matchit/plugin/matchit.vim
032.103  000.332  000.208: sourcing /usr/local/share/nvim/runtime/plugin/matchit.vim
032.224  000.113  000.113: sourcing /usr/local/share/nvim/runtime/plugin/matchparen.vim
032.493  000.260  000.260: sourcing /usr/local/share/nvim/runtime/plugin/netrwPlugin.vim
032.607  000.007  000.007: sourcing /home/bloatoo/.local/share/nvim/rplugin.vim
032.611  000.095  000.088: sourcing /usr/local/share/nvim/runtime/plugin/rplugin.vim
032.686  000.063  000.063: sourcing /usr/local/share/nvim/runtime/plugin/shada.vim
032.714  000.013  000.013: sourcing /usr/local/share/nvim/runtime/plugin/spellfile.vim
032.818  000.093  000.093: sourcing /usr/local/share/nvim/runtime/plugin/tarPlugin.vim
032.889  000.058  000.058: sourcing /usr/local/share/nvim/runtime/plugin/tohtml.vim
032.911  000.010  000.010: sourcing /usr/local/share/nvim/runtime/plugin/tutor.vim
033.039  000.117  000.117: sourcing /usr/local/share/nvim/runtime/plugin/zipPlugin.vim
033.165  000.966: loading plugins
033.394  000.050  000.050: sourcing /home/bloatoo/.local/share/nvim/site/pack/packer/start/coc.nvim/autoload/coc/rpc.vim
033.735  000.292  000.292: sourcing /home/bloatoo/.local/share/nvim/site/pack/packer/start/coc.nvim/autoload/coc/util.vim
033.965  000.107  000.107: sourcing /home/bloatoo/.local/share/nvim/site/pack/packer/start/coc.nvim/autoload/coc/client.vim
037.531  004.282  003.833: sourcing /home/bloatoo/.local/share/nvim/site/pack/packer/start/coc.nvim/plugin/coc.vim
037.761  000.013  000.013: sourcing /home/bloatoo/.local/share/nvim/site/pack/packer/start/indent-blankline.nvim/autoload/indent_blankline/helper.vim
038.896  001.222  001.209: sourcing /home/bloatoo/.local/share/nvim/site/pack/packer/start/indent-blankline.nvim/plugin/indent_blankline.vim
039.092  000.035  000.035: sourcing /home/bloatoo/.local/share/nvim/site/pack/packer/start/nvim-colorizer.lua/plugin/colorizer.vim
039.871  000.709  000.709: sourcing /home/bloatoo/.local/share/nvim/site/pack/packer/start/nvim-treesitter/plugin/nvim-treesitter.vim
040.006  000.012  000.012: sourcing /home/bloatoo/.local/share/nvim/site/pack/packer/start/nvim-treesitter/ftdetect/gdscript.vim
040.026  000.007  000.007: sourcing /home/bloatoo/.local/share/nvim/site/pack/packer/start/nvim-treesitter/ftdetect/gomod.vim
040.052  000.014  000.014: sourcing /home/bloatoo/.local/share/nvim/site/pack/packer/start/nvim-treesitter/ftdetect/query.vim
040.177  000.731: loading packages
040.290  000.113: loading after plugins
040.305  000.015: inits 3
041.997  001.692: reading ShaDa
044.761  000.280  000.280: sourcing /usr/local/share/nvim/runtime/ftplugin/rust.vim
046.361  000.099  000.099: sourcing /usr/local/share/nvim/runtime/indent/rust.vim
047.332  000.631  000.631: sourcing /usr/local/share/nvim/runtime/syntax/rust.vim
047.927  000.011  000.011: sourcing /home/bloatoo/.local/share/nvim/site/pack/packer/start/indent-blankline.nvim/autoload/indent_blankline.vim
067.505  024.487: opening buffers
067.534  000.029: BufEnter autocommands
067.536  000.002: editing files in windows
067.825  000.290: VimEnter autocommands
067.828  000.003: UIEnter autocommands
067.829  000.001: before starting main loop
068.933  001.000  001.000: sourcing /home/bloatoo/.local/share/nvim/site/pack/packer/start/coc.nvim/autoload/coc/float.vim
098.659  029.829: first screen update
098.665  000.005: --- NVIM STARTED ---
